{"/home/alexey/Рабочий стол/JS projects/frontend-project-lvl2/src/index.js": {"path":"/home/alexey/Рабочий стол/JS projects/frontend-project-lvl2/src/index.js","statementMap":{"0":{"start":{"line":8,"column":16},"end":{"line":38,"column":1}},"1":{"start":{"line":9,"column":16},"end":{"line":9,"column":91}},"2":{"start":{"line":11,"column":16},"end":{"line":11,"column":91}},"3":{"start":{"line":13,"column":21},"end":{"line":30,"column":17}},"4":{"start":{"line":16,"column":6},"end":{"line":18,"column":7}},"5":{"start":{"line":17,"column":8},"end":{"line":17,"column":41}},"6":{"start":{"line":19,"column":6},"end":{"line":21,"column":7}},"7":{"start":{"line":20,"column":8},"end":{"line":20,"column":41}},"8":{"start":{"line":22,"column":6},"end":{"line":24,"column":7}},"9":{"start":{"line":23,"column":8},"end":{"line":23,"column":41}},"10":{"start":{"line":25,"column":6},"end":{"line":28,"column":7}},"11":{"start":{"line":26,"column":8},"end":{"line":27,"column":27}},"12":{"start":{"line":32,"column":18},"end":{"line":35,"column":9}},"13":{"start":{"line":37,"column":2},"end":{"line":37,"column":17}}},"fnMap":{"0":{"name":"(anonymous_0)","decl":{"start":{"line":8,"column":16},"end":{"line":8,"column":17}},"loc":{"start":{"line":8,"column":42},"end":{"line":38,"column":1}},"line":8},"1":{"name":"(anonymous_1)","decl":{"start":{"line":15,"column":9},"end":{"line":15,"column":10}},"loc":{"start":{"line":15,"column":18},"end":{"line":29,"column":5}},"line":15}},"branchMap":{"0":{"loc":{"start":{"line":16,"column":6},"end":{"line":18,"column":7}},"type":"if","locations":[{"start":{"line":16,"column":6},"end":{"line":18,"column":7}},{"start":{"line":16,"column":6},"end":{"line":18,"column":7}}],"line":16},"1":{"loc":{"start":{"line":19,"column":6},"end":{"line":21,"column":7}},"type":"if","locations":[{"start":{"line":19,"column":6},"end":{"line":21,"column":7}},{"start":{"line":19,"column":6},"end":{"line":21,"column":7}}],"line":19},"2":{"loc":{"start":{"line":22,"column":6},"end":{"line":24,"column":7}},"type":"if","locations":[{"start":{"line":22,"column":6},"end":{"line":24,"column":7}},{"start":{"line":22,"column":6},"end":{"line":24,"column":7}}],"line":22},"3":{"loc":{"start":{"line":22,"column":10},"end":{"line":22,"column":77}},"type":"binary-expr","locations":[{"start":{"line":22,"column":10},"end":{"line":22,"column":27}},{"start":{"line":22,"column":31},"end":{"line":22,"column":48}},{"start":{"line":22,"column":52},"end":{"line":22,"column":77}}],"line":22},"4":{"loc":{"start":{"line":25,"column":6},"end":{"line":28,"column":7}},"type":"if","locations":[{"start":{"line":25,"column":6},"end":{"line":28,"column":7}},{"start":{"line":25,"column":6},"end":{"line":28,"column":7}}],"line":25},"5":{"loc":{"start":{"line":25,"column":10},"end":{"line":25,"column":77}},"type":"binary-expr","locations":[{"start":{"line":25,"column":10},"end":{"line":25,"column":27}},{"start":{"line":25,"column":31},"end":{"line":25,"column":48}},{"start":{"line":25,"column":52},"end":{"line":25,"column":77}}],"line":25}},"s":{"0":1,"1":2,"2":1,"3":1,"4":5,"5":1,"6":4,"7":2,"8":2,"9":1,"10":1,"11":1,"12":1,"13":1},"f":{"0":2,"1":5},"b":{"0":[1,4],"1":[2,2],"2":[1,1],"3":[2,2,2],"4":[1,0],"5":[1,1,1]},"inputSourceMap":null,"_coverageSchema":"1a1c01bbd47fc00a2c39e90264f33305004495a9","hash":"7076de8899fe6b353b49a3e5313793f7edbf66bb"}
}
